<?xml version="1.0" encoding="UTF-8"?>
<testsuite name="CapabilitiesTest" tests="4" skipped="0" failures="0" errors="0" timestamp="2023-03-09T17:51:48" hostname="DBC-000764" time="0.087">
  <properties/>
  <testcase name="novoChrometest()" classname="CapabilitiesTest" time="0.068"/>
  <testcase name="testFirefox()" classname="CapabilitiesTest" time="0.008"/>
  <testcase name="novoFireFoxtest()" classname="CapabilitiesTest" time="0.002"/>
  <testcase name="testChrome()" classname="CapabilitiesTest" time="0.002"/>
  <system-out><![CDATA[]]></system-out>
  <system-err><![CDATA[]]></system-err>
</testsuite>
