<?xml version="1.0" encoding="UTF-8"?>
<testsuite name="CapabilitiesTest" tests="2" skipped="0" failures="0" errors="0" timestamp="2023-03-09T14:09:00" hostname="DBC-000764" time="0.049">
  <properties/>
  <testcase name="testFirefox()" classname="CapabilitiesTest" time="0.042"/>
  <testcase name="testChrome()" classname="CapabilitiesTest" time="0.005"/>
  <system-out><![CDATA[]]></system-out>
  <system-err><![CDATA[]]></system-err>
</testsuite>
